\BOOKMARK [1][-]{section.1}{\376\377\000I\000n\000t\000r\000o\000d\000u\000c\000t\000i\000o\000n}{}% 1
\BOOKMARK [2][-]{subsection.1.1}{\376\377\000Q\000u\000o\000t\000e\000s}{section.1}% 2
\BOOKMARK [2][-]{subsection.1.2}{\376\377\000A\000b\000o\000u\000t}{section.1}% 3
\BOOKMARK [1][-]{section.2}{\376\377\004\037\004\076\004\070\004\101\004\072\000\040\004\062\004\113\004\070\004\063\004\100\004\113\004\110\004\075\004\076\004\071\000\040\004\101\004\102\004\100\004\060\004\102\004\065\004\063\004\070\004\070}{}% 4
\BOOKMARK [1][-]{section.3}{\376\377\004\035\004\060\004\107\004\075\004\065\004\074\000\040\004\101\000\040\004\072\004\076\004\075\004\106\004\060\000!}{}% 5
\BOOKMARK [2][-]{subsection.3.1}{\376\377\004\024\004\076\004\073\004\073\004\060\004\100\000\040\004\040\004\103\004\061\004\070\004\075\004\110\004\102\004\065\004\071\004\075\004\060}{section.3}% 6
\BOOKMARK [1][-]{section.4}{\376\377\004\027\004\060\000\040\004\076\004\061\004\100\004\060\004\102\004\075\004\076\004\071\000\040\004\070\004\075\004\064\004\103\004\072\004\106\004\070\004\065\004\071\000.\000\040\004\032\004\076\004\074\004\061\004\070\004\075\004\060\004\102\004\076\004\100\004\075\004\113\004\065\000\040\004\070\004\063\004\100\004\113}{}% 7
\BOOKMARK [2][-]{subsection.4.1}{\376\377\004\036\004\064\004\075\004\060\000\040\004\072\004\103\004\107\004\072\004\060\000\040\004\072\004\060\004\074\004\075\004\065\004\071}{section.4}% 8
\BOOKMARK [2][-]{subsection.4.2}{\376\377\004\024\004\062\004\065\000\040\004\072\004\103\004\107\004\072\004\070\000\040\004\072\004\060\004\074\004\075\004\065\004\071}{section.4}% 9
\BOOKMARK [2][-]{subsection.4.3}{\376\377\004\042\004\065\004\076\004\100\004\065\004\074\004\060\000\040\004\050\004\077\004\100\004\060\004\063\004\060\000-\004\023\004\100\004\060\004\075\004\064\004\070}{section.4}% 10
\BOOKMARK [2][-]{subsection.4.4}{\376\377\004\035\004\070\004\074}{section.4}% 11
\BOOKMARK [1][-]{section.5}{\376\377\004\040\004\060\004\067\004\100\004\060\004\061\004\076\004\102\004\072\004\060\000\040\004\074\004\065\004\105\004\060\004\075\004\070\004\067\004\074\004\076\004\062}{}% 12
\BOOKMARK [1][-]{section.6}{\376\377\004\037\004\076\004\062\004\102\004\076\004\100\004\117\004\065\004\074\004\113\004\065\000\040\004\070\004\063\004\100\004\113}{}% 13
\BOOKMARK [1][-]{section.7}{\376\377\004\041\004\102\004\060\004\102\004\070\004\107\004\065\004\101\004\072\004\070\004\065\000\040\004\070\004\063\004\100\004\113}{}% 14
\BOOKMARK [2][-]{subsection.7.1}{\376\377\004\024\004\076\004\074\004\070\004\075\004\070\004\100\004\103\004\065\004\074\004\113\004\065\000\040\004\101\004\102\004\100\004\060\004\102\004\065\004\063\004\070\004\070\000?}{section.7}% 15
\BOOKMARK [2][-]{subsection.7.2}{\376\377\004\047\004\070\004\101\004\102\004\113\004\065\000\040\004\070\000\040\004\101\004\074\004\065\004\110\004\060\004\075\004\075\004\113\004\065\000\040\004\100\004\060\004\062\004\075\004\076\004\062\004\065\004\101\004\070\004\117\000\040\004\077\004\076\000\040\004\035\004\115\004\110\004\103}{section.7}% 16
\BOOKMARK [2][-]{subsection.7.3}{\376\377\004\041\004\070\004\074\004\074\004\065\004\102\004\100\004\070\004\107\004\075\004\076\004\065\000\040\004\100\004\060\004\062\004\075\004\076\004\062\004\065\004\101\004\070\004\065}{section.7}% 17
\BOOKMARK [2][-]{subsection.7.4}{\376\377\004\030\004\063\004\100\004\113\000\040\004\101\000\040\004\075\004\103\004\073\004\065\004\062\004\076\004\071\000\040\004\101\004\103\004\074\004\074\004\076\004\071}{section.7}% 18
\BOOKMARK [1][-]{section.8}{\376\377\004\041\004\102\004\060\004\102\004\070\004\107\004\065\004\101\004\072\004\070\004\065\000\040\004\070\004\063\004\100\004\113\000\040\000\050\004\060\000\040\004\073\004\117\000\040\004\061\004\060\004\071\004\065\004\101\004\076\004\062\004\101\004\072\004\070\004\065\000\051}{}% 19
\BOOKMARK [2][-]{subsection.8.1}{\376\377\004\020\004\103\004\072\004\106\004\070\004\076\004\075\004\113}{section.8}% 20
\BOOKMARK [2][-]{subsection.8.2}{\376\377\004\032\004\076\004\100\004\100\004\065\004\073\004\070\004\100\004\076\004\062\004\060\004\075\004\075\004\076\004\065\000\040\004\100\004\060\004\062\004\075\004\076\004\062\004\065\004\101\004\070\004\065}{section.8}% 21
\BOOKMARK [1][-]{section.9}{\376\377\004\024\004\070\004\075\004\060\004\074\004\070\004\107\004\065\004\101\004\072\004\070\004\065\000\040\004\070\004\063\004\100\004\113\000\040\004\101\000\040\004\075\004\065\004\101\004\076\004\062\004\065\004\100\004\110\004\065\004\075\004\075\004\076\004\071\000\040\004\070\004\075\004\104\004\076\004\100\004\074\004\060\004\106\004\070\004\065\004\071}{}% 22
\BOOKMARK [2][-]{subsection.9.1}{\376\377\004\037\004\065\004\100\004\065\004\064\004\060\004\107\004\060\000\040\004\070\004\075\004\104\004\076\004\100\004\074\004\060\004\106\004\070\004\070}{section.9}% 23
\BOOKMARK [1][-]{section.10}{\376\377\004\032\004\076\004\076\004\077\004\065\004\100\004\060\004\102\004\070\004\062\004\075\004\113\004\065\000\040\004\070\004\063\004\100\004\113}{}% 24
\BOOKMARK [1][-]{section.11}{\376\377\004\055\004\062\004\076\004\073\004\116\004\106\004\070\004\076\004\075\004\075\004\113\004\065\000\040\004\070\004\063\004\100\004\113}{}% 25
\BOOKMARK [1][-]{section.12}{\376\377\004\030\004\064\004\065\004\070\000\040\004\077\004\100\004\076\004\065\004\072\004\102\004\076\004\062\000/\004\072\004\103\004\100\004\101\004\076\004\062\004\113\004\105\000/\004\062\004\076\004\077\004\100\004\076\004\101\004\113\000\040\004\101\000\040\004\075\004\065\004\070\004\067\004\062\004\065\004\101\004\102\004\075\004\113\004\074\000\040\000\050\004\072\004\076\004\074\004\103\000?\000\051\000\040\004\076\004\102\004\062\004\065\004\102\004\076\004\074\000/\004\072\004\076\004\075\004\072\004\103\004\100\004\101\004\113\000!}{}% 26
\BOOKMARK [1][-]{section.13}{\376\377\004\040\004\065\004\110\004\065\004\075\004\070\004\117}{}% 27
\BOOKMARK [1][-]{section.14}{\376\377\004\035\004\060\004\067\004\062\004\060\004\075\004\070\004\117\000\040\004\072\004\076\004\075\004\106\004\065\004\077\004\106\004\070\004\071\000\040\004\100\004\065\004\110\004\065\004\075\004\070\004\117\000\040\000\050\004\032\004\076\004\072\004\076\004\062\004\070\004\075\000+\000\051}{}% 28
\BOOKMARK [1][-]{section.15}{\376\377\004\035\004\060\004\067\004\062\004\060\004\075\004\070\004\117\000\040\004\075\004\065\004\072\004\076\004\102\004\076\004\100\004\113\004\105\000\040\004\101\004\102\004\100\004\060\004\102\004\065\004\063\004\070\004\071\000\040\004\062\000\040\004\077\004\076\004\062\004\102\004\076\004\100\004\117\004\116\004\111\004\065\004\071\004\101\004\117\000\040\004\064\004\070\004\073\004\065\004\074\004\074\004\065\000\040\004\067\004\060\004\072\004\073\004\116\004\107\004\065\004\075\004\075\004\076\004\063\004\076}{}% 29
\BOOKMARK [1][-]{section.16}{\376\377\004\030\004\101\004\102\004\076\004\107\004\075\004\070\004\072\004\070\000\040\004\074\004\103\004\064\004\100\004\076\004\101\004\102\004\070}{}% 30
\BOOKMARK [1][-]{section.17}{\376\377\004\032\004\076\004\101\004\117\004\072\004\070\000!\000!\000!}{}% 31
